2024-01-11 16:12:55,684 ERROR [main] (ExplorationSetUp.java:206) - Predicate arity not equal to number of terms
java.lang.IllegalArgumentException: Predicate arity not equal to number of terms
	at com.google.common.base.Preconditions.checkArgument(Preconditions.java:142) ~[pdq-main-2.0.0-executable.jar:?]
	at uk.ac.ox.cs.pdq.fol.Atom.<init>(Atom.java:46) ~[pdq-main-2.0.0-executable.jar:?]
	at uk.ac.ox.cs.pdq.fol.Atom.create(Atom.java:183) ~[pdq-main-2.0.0-executable.jar:?]
	at uk.ac.ox.cs.pdq.reasoningdatabase.InternalDatabaseManager.computeCrossJoin(InternalDatabaseManager.java:371) ~[pdq-main-2.0.0-executable.jar:?]
	at uk.ac.ox.cs.pdq.reasoningdatabase.InternalDatabaseManager.answerConjunctiveQueryRecursively(InternalDatabaseManager.java:355) ~[pdq-main-2.0.0-executable.jar:?]
	at uk.ac.ox.cs.pdq.reasoningdatabase.InternalDatabaseManager.answerQueryDifferences(InternalDatabaseManager.java:174) ~[pdq-main-2.0.0-executable.jar:?]
	at uk.ac.ox.cs.pdq.reasoning.chase.state.DatabaseChaseInstance.getTriggers(DatabaseChaseInstance.java:672) ~[pdq-main-2.0.0-executable.jar:?]
	at uk.ac.ox.cs.pdq.reasoning.chase.ParallelChaser.reasonUntilTermination(ParallelChaser.java:54) ~[pdq-main-2.0.0-executable.jar:?]
	at uk.ac.ox.cs.pdq.planner.dag.ApplyRule.createInitialApplyRuleConfigurations(ApplyRule.java:173) ~[pdq-main-2.0.0-executable.jar:?]
	at uk.ac.ox.cs.pdq.planner.dag.explorer.DAGOptimized.<init>(DAGOptimized.java:109) ~[pdq-main-2.0.0-executable.jar:?]
	at uk.ac.ox.cs.pdq.planner.dag.explorer.DAGOptimizedMultiThread.<init>(DAGOptimizedMultiThread.java:71) ~[pdq-main-2.0.0-executable.jar:?]
	at uk.ac.ox.cs.pdq.planner.ExplorerFactory.createExplorer(ExplorerFactory.java:142) ~[pdq-main-2.0.0-executable.jar:?]
	at uk.ac.ox.cs.pdq.planner.ExplorationSetUp.search(ExplorationSetUp.java:179) ~[pdq-main-2.0.0-executable.jar:?]
	at uk.ac.ox.cs.pdq.planner.Planner.run(Planner.java:169) ~[pdq-main-2.0.0-executable.jar:?]
	at uk.ac.ox.cs.pdq.planner.Planner.<init>(Planner.java:135) ~[pdq-main-2.0.0-executable.jar:?]
	at uk.ac.ox.cs.pdq.planner.Planner.main(Planner.java:201) ~[pdq-main-2.0.0-executable.jar:?]
	at uk.ac.ox.cs.pdq.main.PdqMain.main(PdqMain.java:35) ~[pdq-main-2.0.0-executable.jar:?]
2024-01-11 16:12:55,705 ERROR [main] (Planner.java:182) - Planning aborted: java.lang.IllegalArgumentException: Predicate arity not equal to number of terms
uk.ac.ox.cs.pdq.planner.PlannerException: java.lang.IllegalArgumentException: Predicate arity not equal to number of terms
	at uk.ac.ox.cs.pdq.planner.ExplorationSetUp.search(ExplorationSetUp.java:207) ~[pdq-main-2.0.0-executable.jar:?]
	at uk.ac.ox.cs.pdq.planner.Planner.run(Planner.java:169) ~[pdq-main-2.0.0-executable.jar:?]
	at uk.ac.ox.cs.pdq.planner.Planner.<init>(Planner.java:135) ~[pdq-main-2.0.0-executable.jar:?]
	at uk.ac.ox.cs.pdq.planner.Planner.main(Planner.java:201) ~[pdq-main-2.0.0-executable.jar:?]
	at uk.ac.ox.cs.pdq.main.PdqMain.main(PdqMain.java:35) ~[pdq-main-2.0.0-executable.jar:?]
Caused by: java.lang.IllegalArgumentException: Predicate arity not equal to number of terms
	at com.google.common.base.Preconditions.checkArgument(Preconditions.java:142) ~[pdq-main-2.0.0-executable.jar:?]
	at uk.ac.ox.cs.pdq.fol.Atom.<init>(Atom.java:46) ~[pdq-main-2.0.0-executable.jar:?]
	at uk.ac.ox.cs.pdq.fol.Atom.create(Atom.java:183) ~[pdq-main-2.0.0-executable.jar:?]
	at uk.ac.ox.cs.pdq.reasoningdatabase.InternalDatabaseManager.computeCrossJoin(InternalDatabaseManager.java:371) ~[pdq-main-2.0.0-executable.jar:?]
	at uk.ac.ox.cs.pdq.reasoningdatabase.InternalDatabaseManager.answerConjunctiveQueryRecursively(InternalDatabaseManager.java:355) ~[pdq-main-2.0.0-executable.jar:?]
	at uk.ac.ox.cs.pdq.reasoningdatabase.InternalDatabaseManager.answerQueryDifferences(InternalDatabaseManager.java:174) ~[pdq-main-2.0.0-executable.jar:?]
	at uk.ac.ox.cs.pdq.reasoning.chase.state.DatabaseChaseInstance.getTriggers(DatabaseChaseInstance.java:672) ~[pdq-main-2.0.0-executable.jar:?]
	at uk.ac.ox.cs.pdq.reasoning.chase.ParallelChaser.reasonUntilTermination(ParallelChaser.java:54) ~[pdq-main-2.0.0-executable.jar:?]
	at uk.ac.ox.cs.pdq.planner.dag.ApplyRule.createInitialApplyRuleConfigurations(ApplyRule.java:173) ~[pdq-main-2.0.0-executable.jar:?]
	at uk.ac.ox.cs.pdq.planner.dag.explorer.DAGOptimized.<init>(DAGOptimized.java:109) ~[pdq-main-2.0.0-executable.jar:?]
	at uk.ac.ox.cs.pdq.planner.dag.explorer.DAGOptimizedMultiThread.<init>(DAGOptimizedMultiThread.java:71) ~[pdq-main-2.0.0-executable.jar:?]
	at uk.ac.ox.cs.pdq.planner.ExplorerFactory.createExplorer(ExplorerFactory.java:142) ~[pdq-main-2.0.0-executable.jar:?]
	at uk.ac.ox.cs.pdq.planner.ExplorationSetUp.search(ExplorationSetUp.java:179) ~[pdq-main-2.0.0-executable.jar:?]
	... 4 more
2024-01-11 16:13:08,051 ERROR [main] (ExplorationSetUp.java:206) - Predicate arity not equal to number of terms
java.lang.IllegalArgumentException: Predicate arity not equal to number of terms
	at com.google.common.base.Preconditions.checkArgument(Preconditions.java:142) ~[pdq-main-2.0.0-executable.jar:?]
	at uk.ac.ox.cs.pdq.fol.Atom.<init>(Atom.java:46) ~[pdq-main-2.0.0-executable.jar:?]
	at uk.ac.ox.cs.pdq.fol.Atom.create(Atom.java:183) ~[pdq-main-2.0.0-executable.jar:?]
	at uk.ac.ox.cs.pdq.reasoningdatabase.InternalDatabaseManager.computeCrossJoin(InternalDatabaseManager.java:371) ~[pdq-main-2.0.0-executable.jar:?]
	at uk.ac.ox.cs.pdq.reasoningdatabase.InternalDatabaseManager.answerConjunctiveQueryRecursively(InternalDatabaseManager.java:355) ~[pdq-main-2.0.0-executable.jar:?]
	at uk.ac.ox.cs.pdq.reasoningdatabase.InternalDatabaseManager.answerQueryDifferences(InternalDatabaseManager.java:174) ~[pdq-main-2.0.0-executable.jar:?]
	at uk.ac.ox.cs.pdq.reasoning.chase.state.DatabaseChaseInstance.getTriggers(DatabaseChaseInstance.java:672) ~[pdq-main-2.0.0-executable.jar:?]
	at uk.ac.ox.cs.pdq.reasoning.chase.ParallelChaser.reasonUntilTermination(ParallelChaser.java:54) ~[pdq-main-2.0.0-executable.jar:?]
	at uk.ac.ox.cs.pdq.planner.dag.ApplyRule.createInitialApplyRuleConfigurations(ApplyRule.java:173) ~[pdq-main-2.0.0-executable.jar:?]
	at uk.ac.ox.cs.pdq.planner.dag.explorer.DAGOptimized.<init>(DAGOptimized.java:109) ~[pdq-main-2.0.0-executable.jar:?]
	at uk.ac.ox.cs.pdq.planner.dag.explorer.DAGOptimizedMultiThread.<init>(DAGOptimizedMultiThread.java:71) ~[pdq-main-2.0.0-executable.jar:?]
	at uk.ac.ox.cs.pdq.planner.ExplorerFactory.createExplorer(ExplorerFactory.java:142) ~[pdq-main-2.0.0-executable.jar:?]
	at uk.ac.ox.cs.pdq.planner.ExplorationSetUp.search(ExplorationSetUp.java:179) ~[pdq-main-2.0.0-executable.jar:?]
	at uk.ac.ox.cs.pdq.planner.Planner.run(Planner.java:169) ~[pdq-main-2.0.0-executable.jar:?]
	at uk.ac.ox.cs.pdq.planner.Planner.<init>(Planner.java:135) ~[pdq-main-2.0.0-executable.jar:?]
	at uk.ac.ox.cs.pdq.planner.Planner.main(Planner.java:201) ~[pdq-main-2.0.0-executable.jar:?]
	at uk.ac.ox.cs.pdq.main.PdqMain.main(PdqMain.java:35) ~[pdq-main-2.0.0-executable.jar:?]
2024-01-11 16:13:08,066 ERROR [main] (Planner.java:182) - Planning aborted: java.lang.IllegalArgumentException: Predicate arity not equal to number of terms
uk.ac.ox.cs.pdq.planner.PlannerException: java.lang.IllegalArgumentException: Predicate arity not equal to number of terms
	at uk.ac.ox.cs.pdq.planner.ExplorationSetUp.search(ExplorationSetUp.java:207) ~[pdq-main-2.0.0-executable.jar:?]
	at uk.ac.ox.cs.pdq.planner.Planner.run(Planner.java:169) ~[pdq-main-2.0.0-executable.jar:?]
	at uk.ac.ox.cs.pdq.planner.Planner.<init>(Planner.java:135) ~[pdq-main-2.0.0-executable.jar:?]
	at uk.ac.ox.cs.pdq.planner.Planner.main(Planner.java:201) ~[pdq-main-2.0.0-executable.jar:?]
	at uk.ac.ox.cs.pdq.main.PdqMain.main(PdqMain.java:35) ~[pdq-main-2.0.0-executable.jar:?]
Caused by: java.lang.IllegalArgumentException: Predicate arity not equal to number of terms
	at com.google.common.base.Preconditions.checkArgument(Preconditions.java:142) ~[pdq-main-2.0.0-executable.jar:?]
	at uk.ac.ox.cs.pdq.fol.Atom.<init>(Atom.java:46) ~[pdq-main-2.0.0-executable.jar:?]
	at uk.ac.ox.cs.pdq.fol.Atom.create(Atom.java:183) ~[pdq-main-2.0.0-executable.jar:?]
	at uk.ac.ox.cs.pdq.reasoningdatabase.InternalDatabaseManager.computeCrossJoin(InternalDatabaseManager.java:371) ~[pdq-main-2.0.0-executable.jar:?]
	at uk.ac.ox.cs.pdq.reasoningdatabase.InternalDatabaseManager.answerConjunctiveQueryRecursively(InternalDatabaseManager.java:355) ~[pdq-main-2.0.0-executable.jar:?]
	at uk.ac.ox.cs.pdq.reasoningdatabase.InternalDatabaseManager.answerQueryDifferences(InternalDatabaseManager.java:174) ~[pdq-main-2.0.0-executable.jar:?]
	at uk.ac.ox.cs.pdq.reasoning.chase.state.DatabaseChaseInstance.getTriggers(DatabaseChaseInstance.java:672) ~[pdq-main-2.0.0-executable.jar:?]
	at uk.ac.ox.cs.pdq.reasoning.chase.ParallelChaser.reasonUntilTermination(ParallelChaser.java:54) ~[pdq-main-2.0.0-executable.jar:?]
	at uk.ac.ox.cs.pdq.planner.dag.ApplyRule.createInitialApplyRuleConfigurations(ApplyRule.java:173) ~[pdq-main-2.0.0-executable.jar:?]
	at uk.ac.ox.cs.pdq.planner.dag.explorer.DAGOptimized.<init>(DAGOptimized.java:109) ~[pdq-main-2.0.0-executable.jar:?]
	at uk.ac.ox.cs.pdq.planner.dag.explorer.DAGOptimizedMultiThread.<init>(DAGOptimizedMultiThread.java:71) ~[pdq-main-2.0.0-executable.jar:?]
	at uk.ac.ox.cs.pdq.planner.ExplorerFactory.createExplorer(ExplorerFactory.java:142) ~[pdq-main-2.0.0-executable.jar:?]
	at uk.ac.ox.cs.pdq.planner.ExplorationSetUp.search(ExplorationSetUp.java:179) ~[pdq-main-2.0.0-executable.jar:?]
	... 4 more
2024-01-11 16:13:27,848 TRACE [main] (DAGExplorer.java:129) - 	+ BEST CONFIGURATION	BINARY(APPLYRULE(customer(){customer(fv_x11777745301,fv_x21777745301,fv_x31777745301,fv_y11777745301,fv_x51777745301,fv_x61777745301,fv_x71777745301,fv_x81777745301)}),APPLYRULE(RPrime(){RPrime(fv_x11777745301,fv_x21777745301,fv_y11777745301,v_y21777745301)}))	2.0
2024-01-11 16:17:32,227 ERROR [main] (ExplorationSetUp.java:206) - Predicate arity not equal to number of terms
java.lang.IllegalArgumentException: Predicate arity not equal to number of terms
	at com.google.common.base.Preconditions.checkArgument(Preconditions.java:142) ~[pdq-main-2.0.0-executable.jar:?]
	at uk.ac.ox.cs.pdq.fol.Atom.<init>(Atom.java:46) ~[pdq-main-2.0.0-executable.jar:?]
	at uk.ac.ox.cs.pdq.fol.Atom.create(Atom.java:183) ~[pdq-main-2.0.0-executable.jar:?]
	at uk.ac.ox.cs.pdq.reasoningdatabase.InternalDatabaseManager.computeCrossJoin(InternalDatabaseManager.java:371) ~[pdq-main-2.0.0-executable.jar:?]
	at uk.ac.ox.cs.pdq.reasoningdatabase.InternalDatabaseManager.answerConjunctiveQueryRecursively(InternalDatabaseManager.java:355) ~[pdq-main-2.0.0-executable.jar:?]
	at uk.ac.ox.cs.pdq.reasoningdatabase.InternalDatabaseManager.answerQueryDifferences(InternalDatabaseManager.java:174) ~[pdq-main-2.0.0-executable.jar:?]
	at uk.ac.ox.cs.pdq.reasoning.chase.state.DatabaseChaseInstance.getTriggers(DatabaseChaseInstance.java:672) ~[pdq-main-2.0.0-executable.jar:?]
	at uk.ac.ox.cs.pdq.reasoning.chase.ParallelChaser.reasonUntilTermination(ParallelChaser.java:54) ~[pdq-main-2.0.0-executable.jar:?]
	at uk.ac.ox.cs.pdq.planner.dag.ApplyRule.createInitialApplyRuleConfigurations(ApplyRule.java:173) ~[pdq-main-2.0.0-executable.jar:?]
	at uk.ac.ox.cs.pdq.planner.dag.explorer.DAGOptimized.<init>(DAGOptimized.java:109) ~[pdq-main-2.0.0-executable.jar:?]
	at uk.ac.ox.cs.pdq.planner.dag.explorer.DAGOptimizedMultiThread.<init>(DAGOptimizedMultiThread.java:71) ~[pdq-main-2.0.0-executable.jar:?]
	at uk.ac.ox.cs.pdq.planner.ExplorerFactory.createExplorer(ExplorerFactory.java:142) ~[pdq-main-2.0.0-executable.jar:?]
	at uk.ac.ox.cs.pdq.planner.ExplorationSetUp.search(ExplorationSetUp.java:179) ~[pdq-main-2.0.0-executable.jar:?]
	at uk.ac.ox.cs.pdq.planner.Planner.run(Planner.java:169) ~[pdq-main-2.0.0-executable.jar:?]
	at uk.ac.ox.cs.pdq.planner.Planner.<init>(Planner.java:135) ~[pdq-main-2.0.0-executable.jar:?]
	at uk.ac.ox.cs.pdq.planner.Planner.main(Planner.java:201) ~[pdq-main-2.0.0-executable.jar:?]
	at uk.ac.ox.cs.pdq.main.PdqMain.main(PdqMain.java:35) ~[pdq-main-2.0.0-executable.jar:?]
2024-01-11 16:17:32,242 ERROR [main] (Planner.java:182) - Planning aborted: java.lang.IllegalArgumentException: Predicate arity not equal to number of terms
uk.ac.ox.cs.pdq.planner.PlannerException: java.lang.IllegalArgumentException: Predicate arity not equal to number of terms
	at uk.ac.ox.cs.pdq.planner.ExplorationSetUp.search(ExplorationSetUp.java:207) ~[pdq-main-2.0.0-executable.jar:?]
	at uk.ac.ox.cs.pdq.planner.Planner.run(Planner.java:169) ~[pdq-main-2.0.0-executable.jar:?]
	at uk.ac.ox.cs.pdq.planner.Planner.<init>(Planner.java:135) ~[pdq-main-2.0.0-executable.jar:?]
	at uk.ac.ox.cs.pdq.planner.Planner.main(Planner.java:201) ~[pdq-main-2.0.0-executable.jar:?]
	at uk.ac.ox.cs.pdq.main.PdqMain.main(PdqMain.java:35) ~[pdq-main-2.0.0-executable.jar:?]
Caused by: java.lang.IllegalArgumentException: Predicate arity not equal to number of terms
	at com.google.common.base.Preconditions.checkArgument(Preconditions.java:142) ~[pdq-main-2.0.0-executable.jar:?]
	at uk.ac.ox.cs.pdq.fol.Atom.<init>(Atom.java:46) ~[pdq-main-2.0.0-executable.jar:?]
	at uk.ac.ox.cs.pdq.fol.Atom.create(Atom.java:183) ~[pdq-main-2.0.0-executable.jar:?]
	at uk.ac.ox.cs.pdq.reasoningdatabase.InternalDatabaseManager.computeCrossJoin(InternalDatabaseManager.java:371) ~[pdq-main-2.0.0-executable.jar:?]
	at uk.ac.ox.cs.pdq.reasoningdatabase.InternalDatabaseManager.answerConjunctiveQueryRecursively(InternalDatabaseManager.java:355) ~[pdq-main-2.0.0-executable.jar:?]
	at uk.ac.ox.cs.pdq.reasoningdatabase.InternalDatabaseManager.answerQueryDifferences(InternalDatabaseManager.java:174) ~[pdq-main-2.0.0-executable.jar:?]
	at uk.ac.ox.cs.pdq.reasoning.chase.state.DatabaseChaseInstance.getTriggers(DatabaseChaseInstance.java:672) ~[pdq-main-2.0.0-executable.jar:?]
	at uk.ac.ox.cs.pdq.reasoning.chase.ParallelChaser.reasonUntilTermination(ParallelChaser.java:54) ~[pdq-main-2.0.0-executable.jar:?]
	at uk.ac.ox.cs.pdq.planner.dag.ApplyRule.createInitialApplyRuleConfigurations(ApplyRule.java:173) ~[pdq-main-2.0.0-executable.jar:?]
	at uk.ac.ox.cs.pdq.planner.dag.explorer.DAGOptimized.<init>(DAGOptimized.java:109) ~[pdq-main-2.0.0-executable.jar:?]
	at uk.ac.ox.cs.pdq.planner.dag.explorer.DAGOptimizedMultiThread.<init>(DAGOptimizedMultiThread.java:71) ~[pdq-main-2.0.0-executable.jar:?]
	at uk.ac.ox.cs.pdq.planner.ExplorerFactory.createExplorer(ExplorerFactory.java:142) ~[pdq-main-2.0.0-executable.jar:?]
	at uk.ac.ox.cs.pdq.planner.ExplorationSetUp.search(ExplorationSetUp.java:179) ~[pdq-main-2.0.0-executable.jar:?]
	... 4 more
2024-01-11 16:18:56,315 ERROR [main] (ExplorationSetUp.java:206) - Predicate arity not equal to number of terms
java.lang.IllegalArgumentException: Predicate arity not equal to number of terms
	at com.google.common.base.Preconditions.checkArgument(Preconditions.java:142) ~[pdq-main-2.0.0-executable.jar:?]
	at uk.ac.ox.cs.pdq.fol.Atom.<init>(Atom.java:46) ~[pdq-main-2.0.0-executable.jar:?]
	at uk.ac.ox.cs.pdq.fol.Atom.create(Atom.java:183) ~[pdq-main-2.0.0-executable.jar:?]
	at uk.ac.ox.cs.pdq.reasoningdatabase.InternalDatabaseManager.computeCrossJoin(InternalDatabaseManager.java:371) ~[pdq-main-2.0.0-executable.jar:?]
	at uk.ac.ox.cs.pdq.reasoningdatabase.InternalDatabaseManager.answerConjunctiveQueryRecursively(InternalDatabaseManager.java:355) ~[pdq-main-2.0.0-executable.jar:?]
	at uk.ac.ox.cs.pdq.reasoningdatabase.InternalDatabaseManager.answerQueryDifferences(InternalDatabaseManager.java:174) ~[pdq-main-2.0.0-executable.jar:?]
	at uk.ac.ox.cs.pdq.reasoning.chase.state.DatabaseChaseInstance.getTriggers(DatabaseChaseInstance.java:672) ~[pdq-main-2.0.0-executable.jar:?]
	at uk.ac.ox.cs.pdq.reasoning.chase.ParallelChaser.reasonUntilTermination(ParallelChaser.java:54) ~[pdq-main-2.0.0-executable.jar:?]
	at uk.ac.ox.cs.pdq.planner.dag.ApplyRule.createInitialApplyRuleConfigurations(ApplyRule.java:173) ~[pdq-main-2.0.0-executable.jar:?]
	at uk.ac.ox.cs.pdq.planner.dag.explorer.DAGOptimized.<init>(DAGOptimized.java:109) ~[pdq-main-2.0.0-executable.jar:?]
	at uk.ac.ox.cs.pdq.planner.dag.explorer.DAGOptimizedMultiThread.<init>(DAGOptimizedMultiThread.java:71) ~[pdq-main-2.0.0-executable.jar:?]
	at uk.ac.ox.cs.pdq.planner.ExplorerFactory.createExplorer(ExplorerFactory.java:142) ~[pdq-main-2.0.0-executable.jar:?]
	at uk.ac.ox.cs.pdq.planner.ExplorationSetUp.search(ExplorationSetUp.java:179) ~[pdq-main-2.0.0-executable.jar:?]
	at uk.ac.ox.cs.pdq.planner.Planner.run(Planner.java:169) ~[pdq-main-2.0.0-executable.jar:?]
	at uk.ac.ox.cs.pdq.planner.Planner.<init>(Planner.java:135) ~[pdq-main-2.0.0-executable.jar:?]
	at uk.ac.ox.cs.pdq.planner.Planner.main(Planner.java:201) ~[pdq-main-2.0.0-executable.jar:?]
	at uk.ac.ox.cs.pdq.main.PdqMain.main(PdqMain.java:35) ~[pdq-main-2.0.0-executable.jar:?]
2024-01-11 16:18:56,331 ERROR [main] (Planner.java:182) - Planning aborted: java.lang.IllegalArgumentException: Predicate arity not equal to number of terms
uk.ac.ox.cs.pdq.planner.PlannerException: java.lang.IllegalArgumentException: Predicate arity not equal to number of terms
	at uk.ac.ox.cs.pdq.planner.ExplorationSetUp.search(ExplorationSetUp.java:207) ~[pdq-main-2.0.0-executable.jar:?]
	at uk.ac.ox.cs.pdq.planner.Planner.run(Planner.java:169) ~[pdq-main-2.0.0-executable.jar:?]
	at uk.ac.ox.cs.pdq.planner.Planner.<init>(Planner.java:135) ~[pdq-main-2.0.0-executable.jar:?]
	at uk.ac.ox.cs.pdq.planner.Planner.main(Planner.java:201) ~[pdq-main-2.0.0-executable.jar:?]
	at uk.ac.ox.cs.pdq.main.PdqMain.main(PdqMain.java:35) ~[pdq-main-2.0.0-executable.jar:?]
Caused by: java.lang.IllegalArgumentException: Predicate arity not equal to number of terms
	at com.google.common.base.Preconditions.checkArgument(Preconditions.java:142) ~[pdq-main-2.0.0-executable.jar:?]
	at uk.ac.ox.cs.pdq.fol.Atom.<init>(Atom.java:46) ~[pdq-main-2.0.0-executable.jar:?]
	at uk.ac.ox.cs.pdq.fol.Atom.create(Atom.java:183) ~[pdq-main-2.0.0-executable.jar:?]
	at uk.ac.ox.cs.pdq.reasoningdatabase.InternalDatabaseManager.computeCrossJoin(InternalDatabaseManager.java:371) ~[pdq-main-2.0.0-executable.jar:?]
	at uk.ac.ox.cs.pdq.reasoningdatabase.InternalDatabaseManager.answerConjunctiveQueryRecursively(InternalDatabaseManager.java:355) ~[pdq-main-2.0.0-executable.jar:?]
	at uk.ac.ox.cs.pdq.reasoningdatabase.InternalDatabaseManager.answerQueryDifferences(InternalDatabaseManager.java:174) ~[pdq-main-2.0.0-executable.jar:?]
	at uk.ac.ox.cs.pdq.reasoning.chase.state.DatabaseChaseInstance.getTriggers(DatabaseChaseInstance.java:672) ~[pdq-main-2.0.0-executable.jar:?]
	at uk.ac.ox.cs.pdq.reasoning.chase.ParallelChaser.reasonUntilTermination(ParallelChaser.java:54) ~[pdq-main-2.0.0-executable.jar:?]
	at uk.ac.ox.cs.pdq.planner.dag.ApplyRule.createInitialApplyRuleConfigurations(ApplyRule.java:173) ~[pdq-main-2.0.0-executable.jar:?]
	at uk.ac.ox.cs.pdq.planner.dag.explorer.DAGOptimized.<init>(DAGOptimized.java:109) ~[pdq-main-2.0.0-executable.jar:?]
	at uk.ac.ox.cs.pdq.planner.dag.explorer.DAGOptimizedMultiThread.<init>(DAGOptimizedMultiThread.java:71) ~[pdq-main-2.0.0-executable.jar:?]
	at uk.ac.ox.cs.pdq.planner.ExplorerFactory.createExplorer(ExplorerFactory.java:142) ~[pdq-main-2.0.0-executable.jar:?]
	at uk.ac.ox.cs.pdq.planner.ExplorationSetUp.search(ExplorationSetUp.java:179) ~[pdq-main-2.0.0-executable.jar:?]
	... 4 more
2024-01-11 16:21:18,918 TRACE [main] (DAGExplorer.java:129) - 	+ BEST CONFIGURATION	BINARY(APPLYRULE(customer(){customer(fv_x1696739588,fv_x2696739588,fv_x3696739588,fv_y1696739588,fv_x5696739588,fv_x6696739588,fv_x7696739588,fv_x8696739588)}),APPLYRULE(RPrime(0,1){RPrime(fv_x1696739588,fv_x2696739588,fv_y1696739588,v_y2696739588,v_dummy696739588)}))	2.0
2024-01-11 16:23:00,376 TRACE [main] (DAGExplorer.java:129) - 	+ BEST CONFIGURATION	BINARY(APPLYRULE(s(){s(fv_z1264674474)}),APPLYRULE(r(){r(fv_x1264674474,fv_y1264674474,fv_z1264674474)}))	2.0
2024-01-11 16:24:30,244 TRACE [main] (DAGExplorer.java:129) - 	+ BEST CONFIGURATION	BINARY(APPLYRULE(customer(){customer(fv_x1696739588,fv_x2696739588,fv_x3696739588,fv_y1696739588,fv_x5696739588,fv_x6696739588,fv_x7696739588,fv_x8696739588)}),APPLYRULE(RPrime(0,1){RPrime(fv_x1696739588,fv_x2696739588,fv_y1696739588,v_y2696739588,fv_dummy696739588)}))	2.0
2024-01-11 16:25:31,947 TRACE [main] (DAGExplorer.java:129) - 	+ BEST CONFIGURATION	BINARY(BINARY(APPLYRULE(q(){q(fv_x1264674474,fv_dummy1264674474)}),APPLYRULE(s(){s(fv_z1264674474)})),APPLYRULE(r(){r(fv_x1264674474,fv_y1264674474,fv_z1264674474)}))	3.0
